<?xml version="1.0" encoding="UTF-8"?>
<testsuite xmlns:xsi="http://www.w3.org/2001/XMLSchema-instance" xsi:noNamespaceSchemaLocation="https://maven.apache.org/surefire/maven-surefire-plugin/xsd/surefire-test-report.xsd" name="com.example.filetest.FileTestApplicationTests" time="3.246" tests="1" errors="0" skipped="0" failures="0">
  <properties>
    <property name="gopherProxySet" value="false"/>
    <property name="awt.toolkit" value="sun.lwawt.macosx.LWCToolkit"/>
    <property name="file.encoding.pkg" value="sun.io"/>
    <property name="java.specification.version" value="1.8"/>
    <property name="sun.cpu.isalist" value=""/>
    <property name="sun.jnu.encoding" value="UTF-8"/>
    <property name="java.class.path" value="/Users/edz/Desktop/coding/Java8-NewFeatures/file-test/target/test-classes:/Users/edz/Desktop/coding/Java8-NewFeatures/file-test/target/classes:/Users/edz/Desktop/java/maven/org/springframework/boot/spring-boot-starter-web/2.3.3.RELEASE/spring-boot-starter-web-2.3.3.RELEASE.jar:/Users/edz/Desktop/java/maven/org/springframework/boot/spring-boot-starter/2.3.3.RELEASE/spring-boot-starter-2.3.3.RELEASE.jar:/Users/edz/Desktop/java/maven/org/springframework/boot/spring-boot/2.3.3.RELEASE/spring-boot-2.3.3.RELEASE.jar:/Users/edz/Desktop/java/maven/org/springframework/boot/spring-boot-autoconfigure/2.3.3.RELEASE/spring-boot-autoconfigure-2.3.3.RELEASE.jar:/Users/edz/Desktop/java/maven/org/springframework/boot/spring-boot-starter-logging/2.3.3.RELEASE/spring-boot-starter-logging-2.3.3.RELEASE.jar:/Users/edz/Desktop/java/maven/ch/qos/logback/logback-classic/1.2.3/logback-classic-1.2.3.jar:/Users/edz/Desktop/java/maven/ch/qos/logback/logback-core/1.2.3/logback-core-1.2.3.jar:/Users/edz/Desktop/java/maven/org/apache/logging/log4j/log4j-to-slf4j/2.13.3/log4j-to-slf4j-2.13.3.jar:/Users/edz/Desktop/java/maven/org/apache/logging/log4j/log4j-api/2.13.3/log4j-api-2.13.3.jar:/Users/edz/Desktop/java/maven/org/slf4j/jul-to-slf4j/1.7.30/jul-to-slf4j-1.7.30.jar:/Users/edz/Desktop/java/maven/jakarta/annotation/jakarta.annotation-api/1.3.5/jakarta.annotation-api-1.3.5.jar:/Users/edz/Desktop/java/maven/org/yaml/snakeyaml/1.26/snakeyaml-1.26.jar:/Users/edz/Desktop/java/maven/org/springframework/boot/spring-boot-starter-json/2.3.3.RELEASE/spring-boot-starter-json-2.3.3.RELEASE.jar:/Users/edz/Desktop/java/maven/com/fasterxml/jackson/core/jackson-databind/2.11.2/jackson-databind-2.11.2.jar:/Users/edz/Desktop/java/maven/com/fasterxml/jackson/core/jackson-annotations/2.11.2/jackson-annotations-2.11.2.jar:/Users/edz/Desktop/java/maven/com/fasterxml/jackson/core/jackson-core/2.11.2/jackson-core-2.11.2.jar:/Users/edz/Desktop/java/maven/com/fasterxml/jackson/datatype/jackson-datatype-jdk8/2.11.2/jackson-datatype-jdk8-2.11.2.jar:/Users/edz/Desktop/java/maven/com/fasterxml/jackson/datatype/jackson-datatype-jsr310/2.11.2/jackson-datatype-jsr310-2.11.2.jar:/Users/edz/Desktop/java/maven/com/fasterxml/jackson/module/jackson-module-parameter-names/2.11.2/jackson-module-parameter-names-2.11.2.jar:/Users/edz/Desktop/java/maven/org/springframework/boot/spring-boot-starter-tomcat/2.3.3.RELEASE/spring-boot-starter-tomcat-2.3.3.RELEASE.jar:/Users/edz/Desktop/java/maven/org/apache/tomcat/embed/tomcat-embed-core/9.0.37/tomcat-embed-core-9.0.37.jar:/Users/edz/Desktop/java/maven/org/glassfish/jakarta.el/3.0.3/jakarta.el-3.0.3.jar:/Users/edz/Desktop/java/maven/org/apache/tomcat/embed/tomcat-embed-websocket/9.0.37/tomcat-embed-websocket-9.0.37.jar:/Users/edz/Desktop/java/maven/org/springframework/spring-web/5.2.8.RELEASE/spring-web-5.2.8.RELEASE.jar:/Users/edz/Desktop/java/maven/org/springframework/spring-beans/5.2.8.RELEASE/spring-beans-5.2.8.RELEASE.jar:/Users/edz/Desktop/java/maven/org/springframework/spring-webmvc/5.2.8.RELEASE/spring-webmvc-5.2.8.RELEASE.jar:/Users/edz/Desktop/java/maven/org/springframework/spring-aop/5.2.8.RELEASE/spring-aop-5.2.8.RELEASE.jar:/Users/edz/Desktop/java/maven/org/springframework/spring-context/5.2.8.RELEASE/spring-context-5.2.8.RELEASE.jar:/Users/edz/Desktop/java/maven/org/springframework/spring-expression/5.2.8.RELEASE/spring-expression-5.2.8.RELEASE.jar:/Users/edz/Desktop/java/maven/org/apache/httpcomponents/httpclient/4.5.6/httpclient-4.5.6.jar:/Users/edz/Desktop/java/maven/org/apache/httpcomponents/httpcore/4.4.13/httpcore-4.4.13.jar:/Users/edz/Desktop/java/maven/commons-codec/commons-codec/1.14/commons-codec-1.14.jar:/Users/edz/Desktop/java/maven/com/alibaba/fastjson/1.2.51/fastjson-1.2.51.jar:/Users/edz/Desktop/java/maven/org/apache/httpcomponents/httpmime/4.5.3/httpmime-4.5.3.jar:/Users/edz/Desktop/java/maven/org/projectlombok/lombok/1.18.12/lombok-1.18.12.jar:/Users/edz/Desktop/java/maven/org/springframework/boot/spring-boot-starter-test/2.3.3.RELEASE/spring-boot-starter-test-2.3.3.RELEASE.jar:/Users/edz/Desktop/java/maven/org/springframework/boot/spring-boot-test/2.3.3.RELEASE/spring-boot-test-2.3.3.RELEASE.jar:/Users/edz/Desktop/java/maven/org/springframework/boot/spring-boot-test-autoconfigure/2.3.3.RELEASE/spring-boot-test-autoconfigure-2.3.3.RELEASE.jar:/Users/edz/Desktop/java/maven/com/jayway/jsonpath/json-path/2.4.0/json-path-2.4.0.jar:/Users/edz/Desktop/java/maven/net/minidev/json-smart/2.3/json-smart-2.3.jar:/Users/edz/Desktop/java/maven/net/minidev/accessors-smart/1.2/accessors-smart-1.2.jar:/Users/edz/Desktop/java/maven/org/ow2/asm/asm/5.0.4/asm-5.0.4.jar:/Users/edz/Desktop/java/maven/org/slf4j/slf4j-api/1.7.30/slf4j-api-1.7.30.jar:/Users/edz/Desktop/java/maven/jakarta/xml/bind/jakarta.xml.bind-api/2.3.3/jakarta.xml.bind-api-2.3.3.jar:/Users/edz/Desktop/java/maven/jakarta/activation/jakarta.activation-api/1.2.2/jakarta.activation-api-1.2.2.jar:/Users/edz/Desktop/java/maven/org/assertj/assertj-core/3.16.1/assertj-core-3.16.1.jar:/Users/edz/Desktop/java/maven/org/hamcrest/hamcrest/2.2/hamcrest-2.2.jar:/Users/edz/Desktop/java/maven/org/junit/jupiter/junit-jupiter/5.6.2/junit-jupiter-5.6.2.jar:/Users/edz/Desktop/java/maven/org/junit/jupiter/junit-jupiter-api/5.6.2/junit-jupiter-api-5.6.2.jar:/Users/edz/Desktop/java/maven/org/apiguardian/apiguardian-api/1.1.0/apiguardian-api-1.1.0.jar:/Users/edz/Desktop/java/maven/org/opentest4j/opentest4j/1.2.0/opentest4j-1.2.0.jar:/Users/edz/Desktop/java/maven/org/junit/platform/junit-platform-commons/1.6.2/junit-platform-commons-1.6.2.jar:/Users/edz/Desktop/java/maven/org/junit/jupiter/junit-jupiter-params/5.6.2/junit-jupiter-params-5.6.2.jar:/Users/edz/Desktop/java/maven/org/junit/jupiter/junit-jupiter-engine/5.6.2/junit-jupiter-engine-5.6.2.jar:/Users/edz/Desktop/java/maven/org/junit/platform/junit-platform-engine/1.6.2/junit-platform-engine-1.6.2.jar:/Users/edz/Desktop/java/maven/org/mockito/mockito-core/3.3.3/mockito-core-3.3.3.jar:/Users/edz/Desktop/java/maven/net/bytebuddy/byte-buddy/1.10.14/byte-buddy-1.10.14.jar:/Users/edz/Desktop/java/maven/net/bytebuddy/byte-buddy-agent/1.10.14/byte-buddy-agent-1.10.14.jar:/Users/edz/Desktop/java/maven/org/objenesis/objenesis/2.6/objenesis-2.6.jar:/Users/edz/Desktop/java/maven/org/mockito/mockito-junit-jupiter/3.3.3/mockito-junit-jupiter-3.3.3.jar:/Users/edz/Desktop/java/maven/org/skyscreamer/jsonassert/1.5.0/jsonassert-1.5.0.jar:/Users/edz/Desktop/java/maven/com/vaadin/external/google/android-json/0.0.20131108.vaadin1/android-json-0.0.20131108.vaadin1.jar:/Users/edz/Desktop/java/maven/org/springframework/spring-core/5.2.8.RELEASE/spring-core-5.2.8.RELEASE.jar:/Users/edz/Desktop/java/maven/org/springframework/spring-jcl/5.2.8.RELEASE/spring-jcl-5.2.8.RELEASE.jar:/Users/edz/Desktop/java/maven/org/springframework/spring-test/5.2.8.RELEASE/spring-test-5.2.8.RELEASE.jar:/Users/edz/Desktop/java/maven/org/xmlunit/xmlunit-core/2.7.0/xmlunit-core-2.7.0.jar:"/>
    <property name="java.vm.vendor" value="Oracle Corporation"/>
    <property name="sun.arch.data.model" value="64"/>
    <property name="java.vendor.url" value="http://java.oracle.com/"/>
    <property name="user.timezone" value=""/>
    <property name="java.vm.specification.version" value="1.8"/>
    <property name="os.name" value="Mac OS X"/>
    <property name="user.country" value="CN"/>
    <property name="sun.java.launcher" value="SUN_STANDARD"/>
    <property name="sun.boot.library.path" value="/Library/Java/JavaVirtualMachines/jdk1.8.0_251.jdk/Contents/Home/jre/lib"/>
    <property name="sun.java.command" value="/Users/edz/Desktop/coding/Java8-NewFeatures/file-test/target/surefire/surefirebooter3338740339879361052.jar /Users/edz/Desktop/coding/Java8-NewFeatures/file-test/target/surefire 2020-09-17T19-22-15_713-jvmRun1 surefire7793708452856175399tmp surefire_06766971761175792189tmp"/>
    <property name="http.nonProxyHosts" value="local|*.local|169.254/16|*.169.254/16"/>
    <property name="surefire.test.class.path" value="/Users/edz/Desktop/coding/Java8-NewFeatures/file-test/target/test-classes:/Users/edz/Desktop/coding/Java8-NewFeatures/file-test/target/classes:/Users/edz/Desktop/java/maven/org/springframework/boot/spring-boot-starter-web/2.3.3.RELEASE/spring-boot-starter-web-2.3.3.RELEASE.jar:/Users/edz/Desktop/java/maven/org/springframework/boot/spring-boot-starter/2.3.3.RELEASE/spring-boot-starter-2.3.3.RELEASE.jar:/Users/edz/Desktop/java/maven/org/springframework/boot/spring-boot/2.3.3.RELEASE/spring-boot-2.3.3.RELEASE.jar:/Users/edz/Desktop/java/maven/org/springframework/boot/spring-boot-autoconfigure/2.3.3.RELEASE/spring-boot-autoconfigure-2.3.3.RELEASE.jar:/Users/edz/Desktop/java/maven/org/springframework/boot/spring-boot-starter-logging/2.3.3.RELEASE/spring-boot-starter-logging-2.3.3.RELEASE.jar:/Users/edz/Desktop/java/maven/ch/qos/logback/logback-classic/1.2.3/logback-classic-1.2.3.jar:/Users/edz/Desktop/java/maven/ch/qos/logback/logback-core/1.2.3/logback-core-1.2.3.jar:/Users/edz/Desktop/java/maven/org/apache/logging/log4j/log4j-to-slf4j/2.13.3/log4j-to-slf4j-2.13.3.jar:/Users/edz/Desktop/java/maven/org/apache/logging/log4j/log4j-api/2.13.3/log4j-api-2.13.3.jar:/Users/edz/Desktop/java/maven/org/slf4j/jul-to-slf4j/1.7.30/jul-to-slf4j-1.7.30.jar:/Users/edz/Desktop/java/maven/jakarta/annotation/jakarta.annotation-api/1.3.5/jakarta.annotation-api-1.3.5.jar:/Users/edz/Desktop/java/maven/org/yaml/snakeyaml/1.26/snakeyaml-1.26.jar:/Users/edz/Desktop/java/maven/org/springframework/boot/spring-boot-starter-json/2.3.3.RELEASE/spring-boot-starter-json-2.3.3.RELEASE.jar:/Users/edz/Desktop/java/maven/com/fasterxml/jackson/core/jackson-databind/2.11.2/jackson-databind-2.11.2.jar:/Users/edz/Desktop/java/maven/com/fasterxml/jackson/core/jackson-annotations/2.11.2/jackson-annotations-2.11.2.jar:/Users/edz/Desktop/java/maven/com/fasterxml/jackson/core/jackson-core/2.11.2/jackson-core-2.11.2.jar:/Users/edz/Desktop/java/maven/com/fasterxml/jackson/datatype/jackson-datatype-jdk8/2.11.2/jackson-datatype-jdk8-2.11.2.jar:/Users/edz/Desktop/java/maven/com/fasterxml/jackson/datatype/jackson-datatype-jsr310/2.11.2/jackson-datatype-jsr310-2.11.2.jar:/Users/edz/Desktop/java/maven/com/fasterxml/jackson/module/jackson-module-parameter-names/2.11.2/jackson-module-parameter-names-2.11.2.jar:/Users/edz/Desktop/java/maven/org/springframework/boot/spring-boot-starter-tomcat/2.3.3.RELEASE/spring-boot-starter-tomcat-2.3.3.RELEASE.jar:/Users/edz/Desktop/java/maven/org/apache/tomcat/embed/tomcat-embed-core/9.0.37/tomcat-embed-core-9.0.37.jar:/Users/edz/Desktop/java/maven/org/glassfish/jakarta.el/3.0.3/jakarta.el-3.0.3.jar:/Users/edz/Desktop/java/maven/org/apache/tomcat/embed/tomcat-embed-websocket/9.0.37/tomcat-embed-websocket-9.0.37.jar:/Users/edz/Desktop/java/maven/org/springframework/spring-web/5.2.8.RELEASE/spring-web-5.2.8.RELEASE.jar:/Users/edz/Desktop/java/maven/org/springframework/spring-beans/5.2.8.RELEASE/spring-beans-5.2.8.RELEASE.jar:/Users/edz/Desktop/java/maven/org/springframework/spring-webmvc/5.2.8.RELEASE/spring-webmvc-5.2.8.RELEASE.jar:/Users/edz/Desktop/java/maven/org/springframework/spring-aop/5.2.8.RELEASE/spring-aop-5.2.8.RELEASE.jar:/Users/edz/Desktop/java/maven/org/springframework/spring-context/5.2.8.RELEASE/spring-context-5.2.8.RELEASE.jar:/Users/edz/Desktop/java/maven/org/springframework/spring-expression/5.2.8.RELEASE/spring-expression-5.2.8.RELEASE.jar:/Users/edz/Desktop/java/maven/org/apache/httpcomponents/httpclient/4.5.6/httpclient-4.5.6.jar:/Users/edz/Desktop/java/maven/org/apache/httpcomponents/httpcore/4.4.13/httpcore-4.4.13.jar:/Users/edz/Desktop/java/maven/commons-codec/commons-codec/1.14/commons-codec-1.14.jar:/Users/edz/Desktop/java/maven/com/alibaba/fastjson/1.2.51/fastjson-1.2.51.jar:/Users/edz/Desktop/java/maven/org/apache/httpcomponents/httpmime/4.5.3/httpmime-4.5.3.jar:/Users/edz/Desktop/java/maven/org/projectlombok/lombok/1.18.12/lombok-1.18.12.jar:/Users/edz/Desktop/java/maven/org/springframework/boot/spring-boot-starter-test/2.3.3.RELEASE/spring-boot-starter-test-2.3.3.RELEASE.jar:/Users/edz/Desktop/java/maven/org/springframework/boot/spring-boot-test/2.3.3.RELEASE/spring-boot-test-2.3.3.RELEASE.jar:/Users/edz/Desktop/java/maven/org/springframework/boot/spring-boot-test-autoconfigure/2.3.3.RELEASE/spring-boot-test-autoconfigure-2.3.3.RELEASE.jar:/Users/edz/Desktop/java/maven/com/jayway/jsonpath/json-path/2.4.0/json-path-2.4.0.jar:/Users/edz/Desktop/java/maven/net/minidev/json-smart/2.3/json-smart-2.3.jar:/Users/edz/Desktop/java/maven/net/minidev/accessors-smart/1.2/accessors-smart-1.2.jar:/Users/edz/Desktop/java/maven/org/ow2/asm/asm/5.0.4/asm-5.0.4.jar:/Users/edz/Desktop/java/maven/org/slf4j/slf4j-api/1.7.30/slf4j-api-1.7.30.jar:/Users/edz/Desktop/java/maven/jakarta/xml/bind/jakarta.xml.bind-api/2.3.3/jakarta.xml.bind-api-2.3.3.jar:/Users/edz/Desktop/java/maven/jakarta/activation/jakarta.activation-api/1.2.2/jakarta.activation-api-1.2.2.jar:/Users/edz/Desktop/java/maven/org/assertj/assertj-core/3.16.1/assertj-core-3.16.1.jar:/Users/edz/Desktop/java/maven/org/hamcrest/hamcrest/2.2/hamcrest-2.2.jar:/Users/edz/Desktop/java/maven/org/junit/jupiter/junit-jupiter/5.6.2/junit-jupiter-5.6.2.jar:/Users/edz/Desktop/java/maven/org/junit/jupiter/junit-jupiter-api/5.6.2/junit-jupiter-api-5.6.2.jar:/Users/edz/Desktop/java/maven/org/apiguardian/apiguardian-api/1.1.0/apiguardian-api-1.1.0.jar:/Users/edz/Desktop/java/maven/org/opentest4j/opentest4j/1.2.0/opentest4j-1.2.0.jar:/Users/edz/Desktop/java/maven/org/junit/platform/junit-platform-commons/1.6.2/junit-platform-commons-1.6.2.jar:/Users/edz/Desktop/java/maven/org/junit/jupiter/junit-jupiter-params/5.6.2/junit-jupiter-params-5.6.2.jar:/Users/edz/Desktop/java/maven/org/junit/jupiter/junit-jupiter-engine/5.6.2/junit-jupiter-engine-5.6.2.jar:/Users/edz/Desktop/java/maven/org/junit/platform/junit-platform-engine/1.6.2/junit-platform-engine-1.6.2.jar:/Users/edz/Desktop/java/maven/org/mockito/mockito-core/3.3.3/mockito-core-3.3.3.jar:/Users/edz/Desktop/java/maven/net/bytebuddy/byte-buddy/1.10.14/byte-buddy-1.10.14.jar:/Users/edz/Desktop/java/maven/net/bytebuddy/byte-buddy-agent/1.10.14/byte-buddy-agent-1.10.14.jar:/Users/edz/Desktop/java/maven/org/objenesis/objenesis/2.6/objenesis-2.6.jar:/Users/edz/Desktop/java/maven/org/mockito/mockito-junit-jupiter/3.3.3/mockito-junit-jupiter-3.3.3.jar:/Users/edz/Desktop/java/maven/org/skyscreamer/jsonassert/1.5.0/jsonassert-1.5.0.jar:/Users/edz/Desktop/java/maven/com/vaadin/external/google/android-json/0.0.20131108.vaadin1/android-json-0.0.20131108.vaadin1.jar:/Users/edz/Desktop/java/maven/org/springframework/spring-core/5.2.8.RELEASE/spring-core-5.2.8.RELEASE.jar:/Users/edz/Desktop/java/maven/org/springframework/spring-jcl/5.2.8.RELEASE/spring-jcl-5.2.8.RELEASE.jar:/Users/edz/Desktop/java/maven/org/springframework/spring-test/5.2.8.RELEASE/spring-test-5.2.8.RELEASE.jar:/Users/edz/Desktop/java/maven/org/xmlunit/xmlunit-core/2.7.0/xmlunit-core-2.7.0.jar:"/>
    <property name="sun.cpu.endian" value="little"/>
    <property name="user.home" value="/Users/edz"/>
    <property name="user.language" value="zh"/>
    <property name="java.specification.vendor" value="Oracle Corporation"/>
    <property name="java.home" value="/Library/Java/JavaVirtualMachines/jdk1.8.0_251.jdk/Contents/Home/jre"/>
    <property name="basedir" value="/Users/edz/Desktop/coding/Java8-NewFeatures/file-test"/>
    <property name="file.separator" value="/"/>
    <property name="line.separator" value="&#10;"/>
    <property name="java.vm.specification.vendor" value="Oracle Corporation"/>
    <property name="java.specification.name" value="Java Platform API Specification"/>
    <property name="java.awt.graphicsenv" value="sun.awt.CGraphicsEnvironment"/>
    <property name="surefire.real.class.path" value="/Users/edz/Desktop/coding/Java8-NewFeatures/file-test/target/surefire/surefirebooter3338740339879361052.jar"/>
    <property name="sun.boot.class.path" value="/Library/Java/JavaVirtualMachines/jdk1.8.0_251.jdk/Contents/Home/jre/lib/resources.jar:/Library/Java/JavaVirtualMachines/jdk1.8.0_251.jdk/Contents/Home/jre/lib/rt.jar:/Library/Java/JavaVirtualMachines/jdk1.8.0_251.jdk/Contents/Home/jre/lib/sunrsasign.jar:/Library/Java/JavaVirtualMachines/jdk1.8.0_251.jdk/Contents/Home/jre/lib/jsse.jar:/Library/Java/JavaVirtualMachines/jdk1.8.0_251.jdk/Contents/Home/jre/lib/jce.jar:/Library/Java/JavaVirtualMachines/jdk1.8.0_251.jdk/Contents/Home/jre/lib/charsets.jar:/Library/Java/JavaVirtualMachines/jdk1.8.0_251.jdk/Contents/Home/jre/lib/jfr.jar:/Library/Java/JavaVirtualMachines/jdk1.8.0_251.jdk/Contents/Home/jre/classes"/>
    <property name="sun.management.compiler" value="HotSpot 64-Bit Tiered Compilers"/>
    <property name="ftp.nonProxyHosts" value="local|*.local|169.254/16|*.169.254/16"/>
    <property name="java.runtime.version" value="1.8.0_251-b08"/>
    <property name="user.name" value="edz"/>
    <property name="path.separator" value=":"/>
    <property name="os.version" value="10.15.4"/>
    <property name="java.endorsed.dirs" value="/Library/Java/JavaVirtualMachines/jdk1.8.0_251.jdk/Contents/Home/jre/lib/endorsed"/>
    <property name="java.runtime.name" value="Java(TM) SE Runtime Environment"/>
    <property name="file.encoding" value="UTF-8"/>
    <property name="java.vm.name" value="Java HotSpot(TM) 64-Bit Server VM"/>
    <property name="idea.version2020.1" value="true"/>
    <property name="localRepository" value="/Users/edz/Desktop/java/maven"/>
    <property name="java.vendor.url.bug" value="http://bugreport.sun.com/bugreport/"/>
    <property name="java.io.tmpdir" value="/var/folders/63/b8bkvrx53nd7kwc3zd5z3xkm0000gn/T/"/>
    <property name="java.version" value="1.8.0_251"/>
    <property name="user.dir" value="/Users/edz/Desktop/coding/Java8-NewFeatures/file-test"/>
    <property name="os.arch" value="x86_64"/>
    <property name="java.vm.specification.name" value="Java Virtual Machine Specification"/>
    <property name="java.awt.printerjob" value="sun.lwawt.macosx.CPrinterJob"/>
    <property name="sun.os.patch.level" value="unknown"/>
    <property name="java.library.path" value="/Users/edz/Library/Java/Extensions:/Library/Java/Extensions:/Network/Library/Java/Extensions:/System/Library/Java/Extensions:/usr/lib/java:."/>
    <property name="java.vm.info" value="mixed mode"/>
    <property name="java.vendor" value="Oracle Corporation"/>
    <property name="java.vm.version" value="25.251-b08"/>
    <property name="java.ext.dirs" value="/Users/edz/Library/Java/Extensions:/Library/Java/JavaVirtualMachines/jdk1.8.0_251.jdk/Contents/Home/jre/lib/ext:/Library/Java/Extensions:/Network/Library/Java/Extensions:/System/Library/Java/Extensions:/usr/lib/java"/>
    <property name="sun.io.unicode.encoding" value="UnicodeBig"/>
    <property name="maven.repo.local" value="/Users/edz/Desktop/java/maven"/>
    <property name="java.class.version" value="52.0"/>
    <property name="socksNonProxyHosts" value="local|*.local|169.254/16|*.169.254/16"/>
  </properties>
  <testcase name="contextLoads" classname="com.example.filetest.FileTestApplicationTests" time="0.291"/>
</testsuite>